# JRE version: OpenJDK Runtime Environment Temurin-17.0.4.1+1 (17.0.4.1+1) (build 17.0.4.1+1)
# Java VM: OpenJDK 64-Bit Server VM Temurin-17.0.4.1+1 (17.0.4.1+1, mixed mode, emulated-client, tiered, compressed oops, compressed class ptrs, g1 gc, windows-amd64)
GC Precious Log:
 CPUs: 4 total, 4 available
 Memory: 3818M
 Large Page Support: Disabled
 NUMA Support: Disabled
 Compressed Oops: Enabled (32-bit)
 Heap Region Size: 1M
 Heap Min Capacity: 8M
 Heap Initial Capacity: 60M
 Heap Max Capacity: 956M
 Pre-touch: Disabled
 Parallel Workers: 4
 Concurrent Workers: 1
 Concurrent Refinement Workers: 4
 Periodic GC: Disabled
Heap:
 garbage-first heap   total 73728K, used 45880K [0x00000000c4400000, 0x0000000100000000)
  region size 1024K, 2 young (2048K), 2 survivors (2048K)
 Metaspace       used 35468K, committed 35776K, reserved 1081344K
  class space    used 4585K, committed 4736K, reserved 1048576K
GC Heap History (20 events):
Event: 13.721 GC heap after
{Heap after GC invocations=10 (full 0):
 garbage-first heap   total 48128K, used 20207K [0x00000000c4400000, 0x0000000100000000)
  region size 1024K, 2 young (2048K), 2 survivors (2048K)
 Metaspace       used 33592K, committed 33920K, reserved 1081344K
  class space    used 4295K, committed 4416K, reserved 1048576K
}
Event: 14.419 GC heap before
{Heap before GC invocations=10 (full 0):
 garbage-first heap   total 48128K, used 33519K [0x00000000c4400000, 0x0000000100000000)
  region size 1024K, 16 young (16384K), 2 survivors (2048K)
 Metaspace       used 35143K, committed 35456K, reserved 1081344K
  class space    used 4527K, committed 4672K, reserved 1048576K
}
Event: 14.432 GC heap after
{Heap after GC invocations=11 (full 0):
 garbage-first heap   total 48128K, used 22093K [0x00000000c4400000, 0x0000000100000000)
  region size 1024K, 2 young (2048K), 2 survivors (2048K)
 Metaspace       used 35143K, committed 35456K, reserved 1081344K
  class space    used 4527K, committed 4672K, reserved 1048576K
}
Event: 14.649 GC heap before
{Heap before GC invocations=11 (full 0):
 garbage-first heap   total 48128K, used 34381K [0x00000000c4400000, 0x0000000100000000)
  region size 1024K, 15 young (15360K), 2 survivors (2048K)
 Metaspace       used 35260K, committed 35648K, reserved 1081344K
  class space    used 4549K, committed 4736K, reserved 1048576K
}
Event: 14.656 GC heap after
{Heap after GC invocations=12 (full 0):
 garbage-first heap   total 48128K, used 25214K [0x00000000c4400000, 0x0000000100000000)
  region size 1024K, 2 young (2048K), 2 survivors (2048K)
 Metaspace       used 35260K, committed 35648K, reserved 1081344K
  class space    used 4549K, committed 4736K, reserved 1048576K
}
Event: 14.733 GC heap before
{Heap before GC invocations=12 (full 0):
 garbage-first heap   total 48128K, used 34430K [0x00000000c4400000, 0x0000000100000000)
  region size 1024K, 12 young (12288K), 2 survivors (2048K)
 Metaspace       used 35374K, committed 35712K, reserved 1081344K
  class space    used 4567K, committed 4736K, reserved 1048576K
}
Event: 14.738 GC heap after
{Heap after GC invocations=13 (full 0):
 garbage-first heap   total 48128K, used 27182K [0x00000000c4400000, 0x0000000100000000)
  region size 1024K, 2 young (2048K), 2 survivors (2048K)
 Metaspace       used 35374K, committed 35712K, reserved 1081344K
  class space    used 4567K, committed 4736K, reserved 1048576K
}
Event: 14.870 GC heap before
{Heap before GC invocations=13 (full 0):
 garbage-first heap   total 60416K, used 35374K [0x00000000c4400000, 0x0000000100000000)
  region size 1024K, 11 young (11264K), 2 survivors (2048K)
 Metaspace       used 35374K, committed 35712K, reserved 1081344K
  class space    used 4567K, committed 4736K, reserved 1048576K
}
Event: 14.876 GC heap after
{Heap after GC invocations=14 (full 0):
 garbage-first heap   total 72704K, used 29404K [0x00000000c4400000, 0x0000000100000000)
  region size 1024K, 2 young (2048K), 2 survivors (2048K)
 Metaspace       used 35374K, committed 35712K, reserved 1081344K
  class space    used 4567K, committed 4736K, reserved 1048576K
}
Event: 15.078 GC heap before
{Heap before GC invocations=15 (full 0):
 garbage-first heap   total 72704K, used 52956K [0x00000000c4400000, 0x0000000100000000)
  region size 1024K, 25 young (25600K), 2 survivors (2048K)
 Metaspace       used 35467K, committed 35776K, reserved 1081344K
  class space    used 4585K, committed 4736K, reserved 1048576K
}
Event: 15.088 GC heap after
{Heap after GC invocations=16 (full 0):
 garbage-first heap   total 72704K, used 33342K [0x00000000c4400000, 0x0000000100000000)
  region size 1024K, 4 young (4096K), 4 survivors (4096K)
 Metaspace       used 35467K, committed 35776K, reserved 1081344K
  class space    used 4585K, committed 4736K, reserved 1048576K
}
Event: 15.092 GC heap before
{Heap before GC invocations=16 (full 0):
 garbage-first heap   total 72704K, used 34366K [0x00000000c4400000, 0x0000000100000000)
  region size 1024K, 5 young (5120K), 4 survivors (4096K)
 Metaspace       used 35467K, committed 35776K, reserved 1081344K
  class space    used 4585K, committed 4736K, reserved 1048576K
}
Event: 15.100 GC heap after
{Heap after GC invocations=17 (full 0):
 garbage-first heap   total 72704K, used 33437K [0x00000000c4400000, 0x0000000100000000)
  region size 1024K, 1 young (1024K), 1 survivors (1024K)
 Metaspace       used 35467K, committed 35776K, reserved 1081344K
  class space    used 4585K, committed 4736K, reserved 1048576K
}
Event: 15.222 GC heap before
{Heap before GC invocations=17 (full 0):
 garbage-first heap   total 72704K, used 52893K [0x00000000c4400000, 0x0000000100000000)
  region size 1024K, 20 young (20480K), 1 survivors (1024K)
 Metaspace       used 35467K, committed 35776K, reserved 1081344K
  class space    used 4585K, committed 4736K, reserved 1048576K
}
Event: 15.230 GC heap after
{Heap after GC invocations=18 (full 0):
 garbage-first heap   total 72704K, used 36848K [0x00000000c4400000, 0x0000000100000000)
  region size 1024K, 3 young (3072K), 3 survivors (3072K)
 Metaspace       used 35467K, committed 35776K, reserved 1081344K
  class space    used 4585K, committed 4736K, reserved 1048576K
}
Event: 15.375 GC heap before
{Heap before GC invocations=19 (full 0):
 garbage-first heap   total 73728K, used 54256K [0x00000000c4400000, 0x0000000100000000)
  region size 1024K, 20 young (20480K), 3 survivors (3072K)
 Metaspace       used 35468K, committed 35776K, reserved 1081344K
  class space    used 4585K, committed 4736K, reserved 1048576K
}
Event: 15.386 GC heap after
{Heap after GC invocations=20 (full 0):
 garbage-first heap   total 73728K, used 40684K [0x00000000c4400000, 0x0000000100000000)
  region size 1024K, 3 young (3072K), 3 survivors (3072K)
 Metaspace       used 35468K, committed 35776K, reserved 1081344K
  class space    used 4585K, committed 4736K, reserved 1048576K
}
Event: 15.392 GC heap before
{Heap before GC invocations=20 (full 0):
 garbage-first heap   total 73728K, used 40684K [0x00000000c4400000, 0x0000000100000000)
  region size 1024K, 4 young (4096K), 3 survivors (3072K)
 Metaspace       used 35468K, committed 35776K, reserved 1081344K
  class space    used 4585K, committed 4736K, reserved 1048576K
}
Event: 15.400 GC heap after
{Heap after GC invocations=21 (full 0):
 garbage-first heap   total 73728K, used 41210K [0x00000000c4400000, 0x0000000100000000)
  region size 1024K, 1 young (1024K), 1 survivors (1024K)
 Metaspace       used 35468K, committed 35776K, reserved 1081344K
  class space    used 4585K, committed 4736K, reserved 1048576K
}
Event: 15.477 GC heap before
{Heap before GC invocations=21 (full 0):
 garbage-first heap   total 73728K, used 55546K [0x00000000c4400000, 0x0000000100000000)
  region size 1024K, 15 young (15360K), 1 survivors (1024K)
 Metaspace       used 35468K, committed 35776K, reserved 1081344K
  class space    used 4585K, committed 4736K, reserved 1048576K
}

