# JRE version: OpenJDK Runtime Environment Temurin-17.0.4.1+1 (17.0.4.1+1) (build 17.0.4.1+1)
# Java VM: OpenJDK 64-Bit Server VM Temurin-17.0.4.1+1 (17.0.4.1+1, mixed mode, tiered, compressed oops, compressed class ptrs, parallel gc, windows-amd64)
GC Precious Log:
 CPUs: 4 total, 4 available
 Memory: 3818M
 Large Page Support: Disabled
 NUMA Support: Disabled
 Compressed Oops: Enabled (32-bit)
 Alignments: Space 512K, Generation 512K, Heap 2M
 Heap Min Capacity: 100M
 Heap Initial Capacity: 100M
 Heap Max Capacity: 1G
 Pre-touch: Disabled
 Parallel Workers: 4
Heap:
 PSYoungGen      total 20992K, used 10811K [0x00000000eab00000, 0x00000000ec100000, 0x0000000100000000)
  eden space 20480K, 51% used [0x00000000eab00000,0x00000000eb536ca0,0x00000000ebf00000)
  from space 512K, 68% used [0x00000000ebf00000,0x00000000ebf58000,0x00000000ebf80000)
  to   space 1024K, 0% used [0x00000000ec000000,0x00000000ec000000,0x00000000ec100000)
 ParOldGen       total 68608K, used 60923K [0x00000000c0000000, 0x00000000c4300000, 0x00000000eab00000)
  object space 68608K, 88% used [0x00000000c0000000,0x00000000c3b7ef78,0x00000000c4300000)
 Metaspace       used 68512K, committed 69696K, reserved 1114112K
  class space    used 7197K, committed 7744K, reserved 1048576K
GC Heap History (20 events):
Event: 190.997 GC heap before
{Heap before GC invocations=45 (full 3):
 PSYoungGen      total 21504K, used 21408K [0x00000000eab00000, 0x00000000ec180000, 0x0000000100000000)
  eden space 20992K, 100% used [0x00000000eab00000,0x00000000ebf80000,0x00000000ebf80000)
  from space 512K, 81% used [0x00000000ec080000,0x00000000ec0e8000,0x00000000ec100000)
  to   space 512K, 0% used [0x00000000ec100000,0x00000000ec100000,0x00000000ec180000)
 ParOldGen       total 68608K, used 51550K [0x00000000c0000000, 0x00000000c4300000, 0x00000000eab00000)
  object space 68608K, 75% used [0x00000000c0000000,0x00000000c3257ab8,0x00000000c4300000)
 Metaspace       used 67223K, committed 68352K, reserved 1114112K
  class space    used 7118K, committed 7616K, reserved 1048576K
}
Event: 190.999 GC heap after
{Heap after GC invocations=45 (full 3):
 PSYoungGen      total 21504K, used 502K [0x00000000eab00000, 0x00000000ec180000, 0x0000000100000000)
  eden space 20992K, 0% used [0x00000000eab00000,0x00000000eab00000,0x00000000ebf80000)
  from space 512K, 98% used [0x00000000ec100000,0x00000000ec17db30,0x00000000ec180000)
  to   space 1024K, 0% used [0x00000000ebf80000,0x00000000ebf80000,0x00000000ec080000)
 ParOldGen       total 68608K, used 51870K [0x00000000c0000000, 0x00000000c4300000, 0x00000000eab00000)
  object space 68608K, 75% used [0x00000000c0000000,0x00000000c32a7ab8,0x00000000c4300000)
 Metaspace       used 67223K, committed 68352K, reserved 1114112K
  class space    used 7118K, committed 7616K, reserved 1048576K
}
Event: 191.062 GC heap before
{Heap before GC invocations=46 (full 3):
 PSYoungGen      total 21504K, used 21494K [0x00000000eab00000, 0x00000000ec180000, 0x0000000100000000)
  eden space 20992K, 100% used [0x00000000eab00000,0x00000000ebf80000,0x00000000ebf80000)
  from space 512K, 98% used [0x00000000ec100000,0x00000000ec17db30,0x00000000ec180000)
  to   space 1024K, 0% used [0x00000000ebf80000,0x00000000ebf80000,0x00000000ec080000)
 ParOldGen       total 68608K, used 51870K [0x00000000c0000000, 0x00000000c4300000, 0x00000000eab00000)
  object space 68608K, 75% used [0x00000000c0000000,0x00000000c32a7ab8,0x00000000c4300000)
 Metaspace       used 67233K, committed 68352K, reserved 1114112K
  class space    used 7118K, committed 7616K, reserved 1048576K
}
Event: 191.067 GC heap after
{Heap after GC invocations=46 (full 3):
 PSYoungGen      total 22016K, used 1024K [0x00000000eab00000, 0x00000000ec580000, 0x0000000100000000)
  eden space 20992K, 0% used [0x00000000eab00000,0x00000000eab00000,0x00000000ebf80000)
  from space 1024K, 100% used [0x00000000ebf80000,0x00000000ec080000,0x00000000ec080000)
  to   space 3072K, 0% used [0x00000000ec280000,0x00000000ec280000,0x00000000ec580000)
 ParOldGen       total 68608K, used 53359K [0x00000000c0000000, 0x00000000c4300000, 0x00000000eab00000)
  object space 68608K, 77% used [0x00000000c0000000,0x00000000c341bee8,0x00000000c4300000)
 Metaspace       used 67233K, committed 68352K, reserved 1114112K
  class space    used 7118K, committed 7616K, reserved 1048576K
}
Event: 191.354 GC heap before
{Heap before GC invocations=47 (full 3):
 PSYoungGen      total 22016K, used 22016K [0x00000000eab00000, 0x00000000ec580000, 0x0000000100000000)
  eden space 20992K, 100% used [0x00000000eab00000,0x00000000ebf80000,0x00000000ebf80000)
  from space 1024K, 100% used [0x00000000ebf80000,0x00000000ec080000,0x00000000ec080000)
  to   space 3072K, 0% used [0x00000000ec280000,0x00000000ec280000,0x00000000ec580000)
 ParOldGen       total 68608K, used 53359K [0x00000000c0000000, 0x00000000c4300000, 0x00000000eab00000)
  object space 68608K, 77% used [0x00000000c0000000,0x00000000c341bee8,0x00000000c4300000)
 Metaspace       used 67740K, committed 68864K, reserved 1114112K
  class space    used 7166K, committed 7680K, reserved 1048576K
}
Event: 191.358 GC heap after
{Heap after GC invocations=47 (full 3):
 PSYoungGen      total 23040K, used 1912K [0x00000000eab00000, 0x00000000ec480000, 0x0000000100000000)
  eden space 20992K, 0% used [0x00000000eab00000,0x00000000eab00000,0x00000000ebf80000)
  from space 2048K, 93% used [0x00000000ec280000,0x00000000ec45e1d8,0x00000000ec480000)
  to   space 2560K, 0% used [0x00000000ebf80000,0x00000000ebf80000,0x00000000ec200000)
 ParOldGen       total 68608K, used 54391K [0x00000000c0000000, 0x00000000c4300000, 0x00000000eab00000)
  object space 68608K, 79% used [0x00000000c0000000,0x00000000c351dee8,0x00000000c4300000)
 Metaspace       used 67740K, committed 68864K, reserved 1114112K
  class space    used 7166K, committed 7680K, reserved 1048576K
}
Event: 191.760 GC heap before
{Heap before GC invocations=48 (full 3):
 PSYoungGen      total 23040K, used 21776K [0x00000000eab00000, 0x00000000ec480000, 0x0000000100000000)
  eden space 20992K, 94% used [0x00000000eab00000,0x00000000ebe65e30,0x00000000ebf80000)
  from space 2048K, 93% used [0x00000000ec280000,0x00000000ec45e1d8,0x00000000ec480000)
  to   space 2560K, 0% used [0x00000000ebf80000,0x00000000ebf80000,0x00000000ec200000)
 ParOldGen       total 68608K, used 54391K [0x00000000c0000000, 0x00000000c4300000, 0x00000000eab00000)
  object space 68608K, 79% used [0x00000000c0000000,0x00000000c351dee8,0x00000000c4300000)
 Metaspace       used 68193K, committed 69376K, reserved 1114112K
  class space    used 7193K, committed 7744K, reserved 1048576K
}
Event: 191.763 GC heap after
{Heap after GC invocations=48 (full 3):
 PSYoungGen      total 22016K, used 736K [0x00000000eab00000, 0x00000000ec300000, 0x0000000100000000)
  eden space 20992K, 0% used [0x00000000eab00000,0x00000000eab00000,0x00000000ebf80000)
  from space 1024K, 71% used [0x00000000ebf80000,0x00000000ec038000,0x00000000ec080000)
  to   space 1536K, 0% used [0x00000000ec180000,0x00000000ec180000,0x00000000ec300000)
 ParOldGen       total 68608K, used 56180K [0x00000000c0000000, 0x00000000c4300000, 0x00000000eab00000)
  object space 68608K, 81% used [0x00000000c0000000,0x00000000c36dd048,0x00000000c4300000)
 Metaspace       used 68193K, committed 69376K, reserved 1114112K
  class space    used 7193K, committed 7744K, reserved 1048576K
}
Event: 191.888 GC heap before
{Heap before GC invocations=49 (full 3):
 PSYoungGen      total 22016K, used 20856K [0x00000000eab00000, 0x00000000ec300000, 0x0000000100000000)
  eden space 20992K, 95% used [0x00000000eab00000,0x00000000ebea6290,0x00000000ebf80000)
  from space 1024K, 71% used [0x00000000ebf80000,0x00000000ec038000,0x00000000ec080000)
  to   space 1536K, 0% used [0x00000000ec180000,0x00000000ec180000,0x00000000ec300000)
 ParOldGen       total 68608K, used 56180K [0x00000000c0000000, 0x00000000c4300000, 0x00000000eab00000)
  object space 68608K, 81% used [0x00000000c0000000,0x00000000c36dd048,0x00000000c4300000)
 Metaspace       used 68261K, committed 69440K, reserved 1114112K
  class space    used 7195K, committed 7744K, reserved 1048576K
}
Event: 191.890 GC heap after
{Heap after GC invocations=49 (full 3):
 PSYoungGen      total 22016K, used 928K [0x00000000eab00000, 0x00000000ec280000, 0x0000000100000000)
  eden space 20992K, 0% used [0x00000000eab00000,0x00000000eab00000,0x00000000ebf80000)
  from space 1024K, 90% used [0x00000000ec180000,0x00000000ec268038,0x00000000ec280000)
  to   space 1024K, 0% used [0x00000000ebf80000,0x00000000ebf80000,0x00000000ec080000)
 ParOldGen       total 68608K, used 56732K [0x00000000c0000000, 0x00000000c4300000, 0x00000000eab00000)
  object space 68608K, 82% used [0x00000000c0000000,0x00000000c3767048,0x00000000c4300000)
 Metaspace       used 68261K, committed 69440K, reserved 1114112K
  class space    used 7195K, committed 7744K, reserved 1048576K
}
Event: 192.025 GC heap before
{Heap before GC invocations=50 (full 3):
 PSYoungGen      total 22016K, used 21920K [0x00000000eab00000, 0x00000000ec280000, 0x0000000100000000)
  eden space 20992K, 100% used [0x00000000eab00000,0x00000000ebf80000,0x00000000ebf80000)
  from space 1024K, 90% used [0x00000000ec180000,0x00000000ec268038,0x00000000ec280000)
  to   space 1024K, 0% used [0x00000000ebf80000,0x00000000ebf80000,0x00000000ec080000)
 ParOldGen       total 68608K, used 56732K [0x00000000c0000000, 0x00000000c4300000, 0x00000000eab00000)
  object space 68608K, 82% used [0x00000000c0000000,0x00000000c3767048,0x00000000c4300000)
 Metaspace       used 68395K, committed 69568K, reserved 1114112K
  class space    used 7195K, committed 7744K, reserved 1048576K
}
Event: 192.027 GC heap after
{Heap after GC invocations=50 (full 3):
 PSYoungGen      total 22016K, used 480K [0x00000000eab00000, 0x00000000ec200000, 0x0000000100000000)
  eden space 20992K, 0% used [0x00000000eab00000,0x00000000eab00000,0x00000000ebf80000)
  from space 1024K, 46% used [0x00000000ebf80000,0x00000000ebff8368,0x00000000ec080000)
  to   space 1024K, 0% used [0x00000000ec100000,0x00000000ec100000,0x00000000ec200000)
 ParOldGen       total 68608K, used 58953K [0x00000000c0000000, 0x00000000c4300000, 0x00000000eab00000)
  object space 68608K, 85% used [0x00000000c0000000,0x00000000c3992410,0x00000000c4300000)
 Metaspace       used 68395K, committed 69568K, reserved 1114112K
  class space    used 7195K, committed 7744K, reserved 1048576K
}
Event: 192.118 GC heap before
{Heap before GC invocations=51 (full 3):
 PSYoungGen      total 22016K, used 21472K [0x00000000eab00000, 0x00000000ec200000, 0x0000000100000000)
  eden space 20992K, 100% used [0x00000000eab00000,0x00000000ebf80000,0x00000000ebf80000)
  from space 1024K, 46% used [0x00000000ebf80000,0x00000000ebff8368,0x00000000ec080000)
  to   space 1024K, 0% used [0x00000000ec100000,0x00000000ec100000,0x00000000ec200000)
 ParOldGen       total 68608K, used 58953K [0x00000000c0000000, 0x00000000c4300000, 0x00000000eab00000)
  object space 68608K, 85% used [0x00000000c0000000,0x00000000c3992410,0x00000000c4300000)
 Metaspace       used 68425K, committed 69568K, reserved 1114112K
  class space    used 7195K, committed 7744K, reserved 1048576K
}
Event: 192.119 GC heap after
{Heap after GC invocations=51 (full 3):
 PSYoungGen      total 22016K, used 900K [0x00000000eab00000, 0x00000000ec200000, 0x0000000100000000)
  eden space 20992K, 0% used [0x00000000eab00000,0x00000000eab00000,0x00000000ebf80000)
  from space 1024K, 87% used [0x00000000ec100000,0x00000000ec1e11c8,0x00000000ec200000)
  to   space 1024K, 0% used [0x00000000ebf80000,0x00000000ebf80000,0x00000000ec080000)
 ParOldGen       total 68608K, used 58969K [0x00000000c0000000, 0x00000000c4300000, 0x00000000eab00000)
  object space 68608K, 85% used [0x00000000c0000000,0x00000000c3996410,0x00000000c4300000)
 Metaspace       used 68425K, committed 69568K, reserved 1114112K
  class space    used 7195K, committed 7744K, reserved 1048576K
}
Event: 192.281 GC heap before
{Heap before GC invocations=52 (full 3):
 PSYoungGen      total 22016K, used 21892K [0x00000000eab00000, 0x00000000ec200000, 0x0000000100000000)
  eden space 20992K, 100% used [0x00000000eab00000,0x00000000ebf80000,0x00000000ebf80000)
  from space 1024K, 87% used [0x00000000ec100000,0x00000000ec1e11c8,0x00000000ec200000)
  to   space 1024K, 0% used [0x00000000ebf80000,0x00000000ebf80000,0x00000000ec080000)
 ParOldGen       total 68608K, used 58969K [0x00000000c0000000, 0x00000000c4300000, 0x00000000eab00000)
  object space 68608K, 85% used [0x00000000c0000000,0x00000000c3996410,0x00000000c4300000)
 Metaspace       used 68453K, committed 69568K, reserved 1114112K
  class space    used 7196K, committed 7744K, reserved 1048576K
}
Event: 192.282 GC heap after
{Heap after GC invocations=52 (full 3):
 PSYoungGen      total 22016K, used 480K [0x00000000eab00000, 0x00000000ec180000, 0x0000000100000000)
  eden space 20992K, 0% used [0x00000000eab00000,0x00000000eab00000,0x00000000ebf80000)
  from space 1024K, 46% used [0x00000000ebf80000,0x00000000ebff8000,0x00000000ec080000)
  to   space 1024K, 0% used [0x00000000ec080000,0x00000000ec080000,0x00000000ec180000)
 ParOldGen       total 68608K, used 59357K [0x00000000c0000000, 0x00000000c4300000, 0x00000000eab00000)
  object space 68608K, 86% used [0x00000000c0000000,0x00000000c39f75d8,0x00000000c4300000)
 Metaspace       used 68453K, committed 69568K, reserved 1114112K
  class space    used 7196K, committed 7744K, reserved 1048576K
}
Event: 192.377 GC heap before
{Heap before GC invocations=53 (full 3):
 PSYoungGen      total 22016K, used 21454K [0x00000000eab00000, 0x00000000ec180000, 0x0000000100000000)
  eden space 20992K, 99% used [0x00000000eab00000,0x00000000ebf7b828,0x00000000ebf80000)
  from space 1024K, 46% used [0x00000000ebf80000,0x00000000ebff8000,0x00000000ec080000)
  to   space 1024K, 0% used [0x00000000ec080000,0x00000000ec080000,0x00000000ec180000)
 ParOldGen       total 68608K, used 59357K [0x00000000c0000000, 0x00000000c4300000, 0x00000000eab00000)
  object space 68608K, 86% used [0x00000000c0000000,0x00000000c39f75d8,0x00000000c4300000)
 Metaspace       used 68472K, committed 69696K, reserved 1114112K
  class space    used 7197K, committed 7744K, reserved 1048576K
}
Event: 192.379 GC heap after
{Heap after GC invocations=53 (full 3):
 PSYoungGen      total 21504K, used 965K [0x00000000eab00000, 0x00000000ec280000, 0x0000000100000000)
  eden space 20480K, 0% used [0x00000000eab00000,0x00000000eab00000,0x00000000ebf00000)
  from space 1024K, 94% used [0x00000000ec080000,0x00000000ec171548,0x00000000ec180000)
  to   space 1536K, 0% used [0x00000000ebf00000,0x00000000ebf00000,0x00000000ec080000)
 ParOldGen       total 68608K, used 60891K [0x00000000c0000000, 0x00000000c4300000, 0x00000000eab00000)
  object space 68608K, 88% used [0x00000000c0000000,0x00000000c3b76f78,0x00000000c4300000)
 Metaspace       used 68472K, committed 69696K, reserved 1114112K
  class space    used 7197K, committed 7744K, reserved 1048576K
}
Event: 192.446 GC heap before
{Heap before GC invocations=54 (full 3):
 PSYoungGen      total 21504K, used 21134K [0x00000000eab00000, 0x00000000ec280000, 0x0000000100000000)
  eden space 20480K, 98% used [0x00000000eab00000,0x00000000ebeb2488,0x00000000ebf00000)
  from space 1024K, 94% used [0x00000000ec080000,0x00000000ec171548,0x00000000ec180000)
  to   space 1536K, 0% used [0x00000000ebf00000,0x00000000ebf00000,0x00000000ec080000)
 ParOldGen       total 68608K, used 60891K [0x00000000c0000000, 0x00000000c4300000, 0x00000000eab00000)
  object space 68608K, 88% used [0x00000000c0000000,0x00000000c3b76f78,0x00000000c4300000)
 Metaspace       used 68491K, committed 69696K, reserved 1114112K
  class space    used 7197K, committed 7744K, reserved 1048576K
}
Event: 192.447 GC heap after
{Heap after GC invocations=54 (full 3):
 PSYoungGen      total 20992K, used 352K [0x00000000eab00000, 0x00000000ec100000, 0x0000000100000000)
  eden space 20480K, 0% used [0x00000000eab00000,0x00000000eab00000,0x00000000ebf00000)
  from space 512K, 68% used [0x00000000ebf00000,0x00000000ebf58000,0x00000000ebf80000)
  to   space 1024K, 0% used [0x00000000ec000000,0x00000000ec000000,0x00000000ec100000)
 ParOldGen       total 68608K, used 60923K [0x00000000c0000000, 0x00000000c4300000, 0x00000000eab00000)
  object space 68608K, 88% used [0x00000000c0000000,0x00000000c3b7ef78,0x00000000c4300000)
 Metaspace       used 68491K, committed 69696K, reserved 1114112K
  class space    used 7197K, committed 7744K, reserved 1048576K
}

