# JRE version: OpenJDK Runtime Environment Temurin-17.0.4.1+1 (17.0.4.1+1) (build 17.0.4.1+1)
# Java VM: OpenJDK 64-Bit Server VM Temurin-17.0.4.1+1 (17.0.4.1+1, mixed mode, tiered, compressed oops, compressed class ptrs, parallel gc, windows-amd64)
GC Precious Log:
 CPUs: 4 total, 4 available
 Memory: 3818M
 Large Page Support: Disabled
 NUMA Support: Disabled
 Compressed Oops: Enabled (32-bit)
 Alignments: Space 512K, Generation 512K, Heap 2M
 Heap Min Capacity: 100M
 Heap Initial Capacity: 100M
 Heap Max Capacity: 1G
 Pre-touch: Disabled
 Parallel Workers: 4
Heap:
 PSYoungGen      total 23040K, used 5501K [0x00000000eab00000, 0x00000000ec380000, 0x0000000100000000)
  eden space 22016K, 20% used [0x00000000eab00000,0x00000000eaf7b768,0x00000000ec080000)
  from space 1024K, 89% used [0x00000000ec280000,0x00000000ec364010,0x00000000ec380000)
  to   space 1536K, 0% used [0x00000000ec080000,0x00000000ec080000,0x00000000ec200000)
 ParOldGen       total 68608K, used 35678K [0x00000000c0000000, 0x00000000c4300000, 0x00000000eab00000)
  object space 68608K, 52% used [0x00000000c0000000,0x00000000c22d7850,0x00000000c4300000)
 Metaspace       used 45447K, committed 46144K, reserved 1097728K
  class space    used 4537K, committed 4864K, reserved 1048576K
GC Heap History (20 events):
Event: 17.087 GC heap before
{Heap before GC invocations=17 (full 2):
 PSYoungGen      total 25088K, used 22002K [0x00000000eab00000, 0x00000000ec900000, 0x0000000100000000)
  eden space 22016K, 99% used [0x00000000eab00000,0x00000000ec07ca28,0x00000000ec080000)
  from space 3072K, 0% used [0x00000000ec600000,0x00000000ec600000,0x00000000ec900000)
  to   space 3584K, 0% used [0x00000000ec200000,0x00000000ec200000,0x00000000ec580000)
 ParOldGen       total 68608K, used 28599K [0x00000000c0000000, 0x00000000c4300000, 0x00000000eab00000)
  object space 68608K, 41% used [0x00000000c0000000,0x00000000c1bedd60,0x00000000c4300000)
 Metaspace       used 37334K, committed 37952K, reserved 1089536K
  class space    used 3852K, committed 4160K, reserved 1048576K
}
Event: 17.088 GC heap after
{Heap after GC invocations=17 (full 2):
 PSYoungGen      total 23040K, used 630K [0x00000000eab00000, 0x00000000ec680000, 0x0000000100000000)
  eden space 22016K, 0% used [0x00000000eab00000,0x00000000eab00000,0x00000000ec080000)
  from space 1024K, 61% used [0x00000000ec200000,0x00000000ec29da20,0x00000000ec300000)
  to   space 2048K, 0% used [0x00000000ec480000,0x00000000ec480000,0x00000000ec680000)
 ParOldGen       total 68608K, used 28607K [0x00000000c0000000, 0x00000000c4300000, 0x00000000eab00000)
  object space 68608K, 41% used [0x00000000c0000000,0x00000000c1befd60,0x00000000c4300000)
 Metaspace       used 37334K, committed 37952K, reserved 1089536K
  class space    used 3852K, committed 4160K, reserved 1048576K
}
Event: 18.059 GC heap before
{Heap before GC invocations=18 (full 2):
 PSYoungGen      total 23040K, used 22646K [0x00000000eab00000, 0x00000000ec680000, 0x0000000100000000)
  eden space 22016K, 100% used [0x00000000eab00000,0x00000000ec080000,0x00000000ec080000)
  from space 1024K, 61% used [0x00000000ec200000,0x00000000ec29da20,0x00000000ec300000)
  to   space 2048K, 0% used [0x00000000ec480000,0x00000000ec480000,0x00000000ec680000)
 ParOldGen       total 68608K, used 28607K [0x00000000c0000000, 0x00000000c4300000, 0x00000000eab00000)
  object space 68608K, 41% used [0x00000000c0000000,0x00000000c1befd60,0x00000000c4300000)
 Metaspace       used 39619K, committed 40384K, reserved 1089536K
  class space    used 4050K, committed 4416K, reserved 1048576K
}
Event: 18.062 GC heap after
{Heap after GC invocations=18 (full 2):
 PSYoungGen      total 22528K, used 480K [0x00000000eab00000, 0x00000000ec500000, 0x0000000100000000)
  eden space 22016K, 0% used [0x00000000eab00000,0x00000000eab00000,0x00000000ec080000)
  from space 512K, 93% used [0x00000000ec480000,0x00000000ec4f8000,0x00000000ec500000)
  to   space 1024K, 0% used [0x00000000ec300000,0x00000000ec300000,0x00000000ec400000)
 ParOldGen       total 68608K, used 29168K [0x00000000c0000000, 0x00000000c4300000, 0x00000000eab00000)
  object space 68608K, 42% used [0x00000000c0000000,0x00000000c1c7c268,0x00000000c4300000)
 Metaspace       used 39619K, committed 40384K, reserved 1089536K
  class space    used 4050K, committed 4416K, reserved 1048576K
}
Event: 18.295 GC heap before
{Heap before GC invocations=19 (full 2):
 PSYoungGen      total 22528K, used 22496K [0x00000000eab00000, 0x00000000ec500000, 0x0000000100000000)
  eden space 22016K, 100% used [0x00000000eab00000,0x00000000ec080000,0x00000000ec080000)
  from space 512K, 93% used [0x00000000ec480000,0x00000000ec4f8000,0x00000000ec500000)
  to   space 1024K, 0% used [0x00000000ec300000,0x00000000ec300000,0x00000000ec400000)
 ParOldGen       total 68608K, used 29168K [0x00000000c0000000, 0x00000000c4300000, 0x00000000eab00000)
  object space 68608K, 42% used [0x00000000c0000000,0x00000000c1c7c268,0x00000000c4300000)
 Metaspace       used 39694K, committed 40448K, reserved 1089536K
  class space    used 4053K, committed 4416K, reserved 1048576K
}
Event: 18.297 GC heap after
{Heap after GC invocations=19 (full 2):
 PSYoungGen      total 23040K, used 908K [0x00000000eab00000, 0x00000000ec500000, 0x0000000100000000)
  eden space 22016K, 0% used [0x00000000eab00000,0x00000000eab00000,0x00000000ec080000)
  from space 1024K, 88% used [0x00000000ec300000,0x00000000ec3e33b8,0x00000000ec400000)
  to   space 1024K, 0% used [0x00000000ec400000,0x00000000ec400000,0x00000000ec500000)
 ParOldGen       total 68608K, used 29592K [0x00000000c0000000, 0x00000000c4300000, 0x00000000eab00000)
  object space 68608K, 43% used [0x00000000c0000000,0x00000000c1ce6268,0x00000000c4300000)
 Metaspace       used 39694K, committed 40448K, reserved 1089536K
  class space    used 4053K, committed 4416K, reserved 1048576K
}
Event: 19.686 GC heap before
{Heap before GC invocations=20 (full 2):
 PSYoungGen      total 23040K, used 22888K [0x00000000eab00000, 0x00000000ec500000, 0x0000000100000000)
  eden space 22016K, 99% used [0x00000000eab00000,0x00000000ec076e68,0x00000000ec080000)
  from space 1024K, 88% used [0x00000000ec300000,0x00000000ec3e33b8,0x00000000ec400000)
  to   space 1024K, 0% used [0x00000000ec400000,0x00000000ec400000,0x00000000ec500000)
 ParOldGen       total 68608K, used 29592K [0x00000000c0000000, 0x00000000c4300000, 0x00000000eab00000)
  object space 68608K, 43% used [0x00000000c0000000,0x00000000c1ce6268,0x00000000c4300000)
 Metaspace       used 41523K, committed 42304K, reserved 1089536K
  class space    used 4231K, committed 4608K, reserved 1048576K
}
Event: 19.688 GC heap after
{Heap after GC invocations=20 (full 2):
 PSYoungGen      total 22528K, used 408K [0x00000000eab00000, 0x00000000ec480000, 0x0000000100000000)
  eden space 22016K, 0% used [0x00000000eab00000,0x00000000eab00000,0x00000000ec080000)
  from space 512K, 79% used [0x00000000ec400000,0x00000000ec4661d8,0x00000000ec480000)
  to   space 1024K, 0% used [0x00000000ec280000,0x00000000ec280000,0x00000000ec380000)
 ParOldGen       total 68608K, used 29640K [0x00000000c0000000, 0x00000000c4300000, 0x00000000eab00000)
  object space 68608K, 43% used [0x00000000c0000000,0x00000000c1cf2268,0x00000000c4300000)
 Metaspace       used 41523K, committed 42304K, reserved 1089536K
  class space    used 4231K, committed 4608K, reserved 1048576K
}
Event: 20.938 GC heap before
{Heap before GC invocations=21 (full 2):
 PSYoungGen      total 22528K, used 22424K [0x00000000eab00000, 0x00000000ec480000, 0x0000000100000000)
  eden space 22016K, 100% used [0x00000000eab00000,0x00000000ec080000,0x00000000ec080000)
  from space 512K, 79% used [0x00000000ec400000,0x00000000ec4661d8,0x00000000ec480000)
  to   space 1024K, 0% used [0x00000000ec280000,0x00000000ec280000,0x00000000ec380000)
 ParOldGen       total 68608K, used 29640K [0x00000000c0000000, 0x00000000c4300000, 0x00000000eab00000)
  object space 68608K, 43% used [0x00000000c0000000,0x00000000c1cf2268,0x00000000c4300000)
 Metaspace       used 43312K, committed 44096K, reserved 1089536K
  class space    used 4396K, committed 4736K, reserved 1048576K
}
Event: 20.942 GC heap after
{Heap after GC invocations=21 (full 2):
 PSYoungGen      total 23040K, used 1024K [0x00000000eab00000, 0x00000000ec580000, 0x0000000100000000)
  eden space 22016K, 0% used [0x00000000eab00000,0x00000000eab00000,0x00000000ec080000)
  from space 1024K, 100% used [0x00000000ec280000,0x00000000ec380000,0x00000000ec380000)
  to   space 2048K, 0% used [0x00000000ec380000,0x00000000ec380000,0x00000000ec580000)
 ParOldGen       total 68608K, used 30646K [0x00000000c0000000, 0x00000000c4300000, 0x00000000eab00000)
  object space 68608K, 44% used [0x00000000c0000000,0x00000000c1deda48,0x00000000c4300000)
 Metaspace       used 43312K, committed 44096K, reserved 1089536K
  class space    used 4396K, committed 4736K, reserved 1048576K
}
Event: 21.211 GC heap before
{Heap before GC invocations=22 (full 2):
 PSYoungGen      total 23040K, used 23039K [0x00000000eab00000, 0x00000000ec580000, 0x0000000100000000)
  eden space 22016K, 99% used [0x00000000eab00000,0x00000000ec07ffe8,0x00000000ec080000)
  from space 1024K, 100% used [0x00000000ec280000,0x00000000ec380000,0x00000000ec380000)
  to   space 2048K, 0% used [0x00000000ec380000,0x00000000ec380000,0x00000000ec580000)
 ParOldGen       total 68608K, used 30646K [0x00000000c0000000, 0x00000000c4300000, 0x00000000eab00000)
  object space 68608K, 44% used [0x00000000c0000000,0x00000000c1deda48,0x00000000c4300000)
 Metaspace       used 43464K, committed 44160K, reserved 1089536K
  class space    used 4408K, committed 4736K, reserved 1048576K
}
Event: 21.216 GC heap after
{Heap after GC invocations=22 (full 2):
 PSYoungGen      total 23040K, used 800K [0x00000000eab00000, 0x00000000ec480000, 0x0000000100000000)
  eden space 22016K, 0% used [0x00000000eab00000,0x00000000eab00000,0x00000000ec080000)
  from space 1024K, 78% used [0x00000000ec380000,0x00000000ec448000,0x00000000ec480000)
  to   space 1536K, 0% used [0x00000000ec180000,0x00000000ec180000,0x00000000ec300000)
 ParOldGen       total 68608K, used 31577K [0x00000000c0000000, 0x00000000c4300000, 0x00000000eab00000)
  object space 68608K, 46% used [0x00000000c0000000,0x00000000c1ed6580,0x00000000c4300000)
 Metaspace       used 43464K, committed 44160K, reserved 1089536K
  class space    used 4408K, committed 4736K, reserved 1048576K
}
Event: 22.393 GC heap before
{Heap before GC invocations=23 (full 2):
 PSYoungGen      total 23040K, used 22816K [0x00000000eab00000, 0x00000000ec480000, 0x0000000100000000)
  eden space 22016K, 100% used [0x00000000eab00000,0x00000000ec080000,0x00000000ec080000)
  from space 1024K, 78% used [0x00000000ec380000,0x00000000ec448000,0x00000000ec480000)
  to   space 1536K, 0% used [0x00000000ec180000,0x00000000ec180000,0x00000000ec300000)
 ParOldGen       total 68608K, used 31607K [0x00000000c0000000, 0x00000000c4300000, 0x00000000eab00000)
  object space 68608K, 46% used [0x00000000c0000000,0x00000000c1eddf00,0x00000000c4300000)
 Metaspace       used 44360K, committed 45056K, reserved 1089536K
  class space    used 4476K, committed 4800K, reserved 1048576K
}
Event: 22.398 GC heap after
{Heap after GC invocations=23 (full 2):
 PSYoungGen      total 23552K, used 1496K [0x00000000eab00000, 0x00000000ec480000, 0x0000000100000000)
  eden space 22016K, 0% used [0x00000000eab00000,0x00000000eab00000,0x00000000ec080000)
  from space 1536K, 97% used [0x00000000ec180000,0x00000000ec2f61c8,0x00000000ec300000)
  to   space 1536K, 0% used [0x00000000ec300000,0x00000000ec300000,0x00000000ec480000)
 ParOldGen       total 68608K, used 32359K [0x00000000c0000000, 0x00000000c4300000, 0x00000000eab00000)
  object space 68608K, 47% used [0x00000000c0000000,0x00000000c1f99e78,0x00000000c4300000)
 Metaspace       used 44360K, committed 45056K, reserved 1089536K
  class space    used 4476K, committed 4800K, reserved 1048576K
}
Event: 23.149 GC heap before
{Heap before GC invocations=24 (full 2):
 PSYoungGen      total 23552K, used 23512K [0x00000000eab00000, 0x00000000ec480000, 0x0000000100000000)
  eden space 22016K, 99% used [0x00000000eab00000,0x00000000ec07fff0,0x00000000ec080000)
  from space 1536K, 97% used [0x00000000ec180000,0x00000000ec2f61c8,0x00000000ec300000)
  to   space 1536K, 0% used [0x00000000ec300000,0x00000000ec300000,0x00000000ec480000)
 ParOldGen       total 68608K, used 32362K [0x00000000c0000000, 0x00000000c4300000, 0x00000000eab00000)
  object space 68608K, 47% used [0x00000000c0000000,0x00000000c1f9a9f8,0x00000000c4300000)
 Metaspace       used 45138K, committed 45824K, reserved 1097728K
  class space    used 4531K, committed 4864K, reserved 1048576K
}
Event: 23.152 GC heap after
{Heap after GC invocations=24 (full 2):
 PSYoungGen      total 23040K, used 784K [0x00000000eab00000, 0x00000000ec400000, 0x0000000100000000)
  eden space 22016K, 0% used [0x00000000eab00000,0x00000000eab00000,0x00000000ec080000)
  from space 1024K, 76% used [0x00000000ec300000,0x00000000ec3c4010,0x00000000ec400000)
  to   space 1536K, 0% used [0x00000000ec100000,0x00000000ec100000,0x00000000ec280000)
 ParOldGen       total 68608K, used 33773K [0x00000000c0000000, 0x00000000c4300000, 0x00000000eab00000)
  object space 68608K, 49% used [0x00000000c0000000,0x00000000c20fb5b0,0x00000000c4300000)
 Metaspace       used 45138K, committed 45824K, reserved 1097728K
  class space    used 4531K, committed 4864K, reserved 1048576K
}
Event: 23.624 GC heap before
{Heap before GC invocations=25 (full 2):
 PSYoungGen      total 23040K, used 22800K [0x00000000eab00000, 0x00000000ec400000, 0x0000000100000000)
  eden space 22016K, 100% used [0x00000000eab00000,0x00000000ec080000,0x00000000ec080000)
  from space 1024K, 76% used [0x00000000ec300000,0x00000000ec3c4010,0x00000000ec400000)
  to   space 1536K, 0% used [0x00000000ec100000,0x00000000ec100000,0x00000000ec280000)
 ParOldGen       total 68608K, used 33773K [0x00000000c0000000, 0x00000000c4300000, 0x00000000eab00000)
  object space 68608K, 49% used [0x00000000c0000000,0x00000000c20fb5b0,0x00000000c4300000)
 Metaspace       used 45284K, committed 46016K, reserved 1097728K
  class space    used 4536K, committed 4864K, reserved 1048576K
}
Event: 23.628 GC heap after
{Heap after GC invocations=25 (full 2):
 PSYoungGen      total 23552K, used 1344K [0x00000000eab00000, 0x00000000ec380000, 0x0000000100000000)
  eden space 22016K, 0% used [0x00000000eab00000,0x00000000eab00000,0x00000000ec080000)
  from space 1536K, 87% used [0x00000000ec100000,0x00000000ec250000,0x00000000ec280000)
  to   space 1024K, 0% used [0x00000000ec280000,0x00000000ec280000,0x00000000ec380000)
 ParOldGen       total 68608K, used 34448K [0x00000000c0000000, 0x00000000c4300000, 0x00000000eab00000)
  object space 68608K, 50% used [0x00000000c0000000,0x00000000c21a4310,0x00000000c4300000)
 Metaspace       used 45284K, committed 46016K, reserved 1097728K
  class space    used 4536K, committed 4864K, reserved 1048576K
}
Event: 24.077 GC heap before
{Heap before GC invocations=26 (full 2):
 PSYoungGen      total 23552K, used 23360K [0x00000000eab00000, 0x00000000ec380000, 0x0000000100000000)
  eden space 22016K, 100% used [0x00000000eab00000,0x00000000ec080000,0x00000000ec080000)
  from space 1536K, 87% used [0x00000000ec100000,0x00000000ec250000,0x00000000ec280000)
  to   space 1024K, 0% used [0x00000000ec280000,0x00000000ec280000,0x00000000ec380000)
 ParOldGen       total 68608K, used 34448K [0x00000000c0000000, 0x00000000c4300000, 0x00000000eab00000)
  object space 68608K, 50% used [0x00000000c0000000,0x00000000c21a4310,0x00000000c4300000)
 Metaspace       used 45405K, committed 46080K, reserved 1097728K
  class space    used 4536K, committed 4864K, reserved 1048576K
}
Event: 24.082 GC heap after
{Heap after GC invocations=26 (full 2):
 PSYoungGen      total 23040K, used 912K [0x00000000eab00000, 0x00000000ec380000, 0x0000000100000000)
  eden space 22016K, 0% used [0x00000000eab00000,0x00000000eab00000,0x00000000ec080000)
  from space 1024K, 89% used [0x00000000ec280000,0x00000000ec364010,0x00000000ec380000)
  to   space 1536K, 0% used [0x00000000ec080000,0x00000000ec080000,0x00000000ec200000)
 ParOldGen       total 68608K, used 35678K [0x00000000c0000000, 0x00000000c4300000, 0x00000000eab00000)
  object space 68608K, 52% used [0x00000000c0000000,0x00000000c22d7850,0x00000000c4300000)
 Metaspace       used 45405K, committed 46080K, reserved 1097728K
  class space    used 4536K, committed 4864K, reserved 1048576K
}

