# JRE version: OpenJDK Runtime Environment Temurin-17.0.4.1+1 (17.0.4.1+1) (build 17.0.4.1+1)
# Java VM: OpenJDK 64-Bit Server VM Temurin-17.0.4.1+1 (17.0.4.1+1, mixed mode, tiered, compressed oops, compressed class ptrs, parallel gc, windows-amd64)
GC Precious Log:
 CPUs: 4 total, 4 available
 Memory: 3818M
 Large Page Support: Disabled
 NUMA Support: Disabled
 Compressed Oops: Enabled (32-bit)
 Alignments: Space 512K, Generation 512K, Heap 2M
 Heap Min Capacity: 100M
 Heap Initial Capacity: 100M
 Heap Max Capacity: 1G
 Pre-touch: Disabled
 Parallel Workers: 4
Heap:
 PSYoungGen      total 24064K, used 20093K [0x00000000eab00000, 0x00000000ec480000, 0x0000000100000000)
  eden space 20992K, 95% used [0x00000000eab00000,0x00000000ebe9f4a0,0x00000000ebf80000)
  from space 3072K, 0% used [0x00000000ec000000,0x00000000ec000000,0x00000000ec300000)
  to   space 1024K, 0% used [0x00000000ec380000,0x00000000ec380000,0x00000000ec480000)
 ParOldGen       total 68608K, used 40322K [0x00000000c0000000, 0x00000000c4300000, 0x00000000eab00000)
  object space 68608K, 58% used [0x00000000c0000000,0x00000000c2760960,0x00000000c4300000)
 Metaspace       used 61744K, committed 62912K, reserved 1105920K
  class space    used 6692K, committed 7232K, reserved 1048576K
GC Heap History (20 events):
Event: 18.689 GC heap before
{Heap before GC invocations=25 (full 2):
 PSYoungGen      total 21504K, used 21494K [0x00000000eab00000, 0x00000000ec180000, 0x0000000100000000)
  eden space 20992K, 100% used [0x00000000eab00000,0x00000000ebf80000,0x00000000ebf80000)
  from space 512K, 98% used [0x00000000ec100000,0x00000000ec17da78,0x00000000ec180000)
  to   space 1024K, 0% used [0x00000000ebf80000,0x00000000ebf80000,0x00000000ec080000)
 ParOldGen       total 68608K, used 33254K [0x00000000c0000000, 0x00000000c4300000, 0x00000000eab00000)
  object space 68608K, 48% used [0x00000000c0000000,0x00000000c2079970,0x00000000c4300000)
 Metaspace       used 52849K, committed 53760K, reserved 1097728K
  class space    used 5676K, committed 6080K, reserved 1048576K
}
Event: 18.692 GC heap after
{Heap after GC invocations=25 (full 2):
 PSYoungGen      total 22016K, used 1017K [0x00000000eab00000, 0x00000000ec480000, 0x0000000100000000)
  eden space 20992K, 0% used [0x00000000eab00000,0x00000000eab00000,0x00000000ebf80000)
  from space 1024K, 99% used [0x00000000ebf80000,0x00000000ec07e758,0x00000000ec080000)
  to   space 2560K, 0% used [0x00000000ec200000,0x00000000ec200000,0x00000000ec480000)
 ParOldGen       total 68608K, used 34085K [0x00000000c0000000, 0x00000000c4300000, 0x00000000eab00000)
  object space 68608K, 49% used [0x00000000c0000000,0x00000000c2149530,0x00000000c4300000)
 Metaspace       used 52849K, committed 53760K, reserved 1097728K
  class space    used 5676K, committed 6080K, reserved 1048576K
}
Event: 18.876 GC heap before
{Heap before GC invocations=26 (full 2):
 PSYoungGen      total 22016K, used 22009K [0x00000000eab00000, 0x00000000ec480000, 0x0000000100000000)
  eden space 20992K, 100% used [0x00000000eab00000,0x00000000ebf80000,0x00000000ebf80000)
  from space 1024K, 99% used [0x00000000ebf80000,0x00000000ec07e758,0x00000000ec080000)
  to   space 2560K, 0% used [0x00000000ec200000,0x00000000ec200000,0x00000000ec480000)
 ParOldGen       total 68608K, used 34085K [0x00000000c0000000, 0x00000000c4300000, 0x00000000eab00000)
  object space 68608K, 49% used [0x00000000c0000000,0x00000000c2149530,0x00000000c4300000)
 Metaspace       used 52876K, committed 53824K, reserved 1097728K
  class space    used 5676K, committed 6080K, reserved 1048576K
}
Event: 18.878 GC heap after
{Heap after GC invocations=26 (full 2):
 PSYoungGen      total 22016K, used 700K [0x00000000eab00000, 0x00000000ec300000, 0x0000000100000000)
  eden space 20992K, 0% used [0x00000000eab00000,0x00000000eab00000,0x00000000ebf80000)
  from space 1024K, 68% used [0x00000000ec200000,0x00000000ec2af270,0x00000000ec300000)
  to   space 1536K, 0% used [0x00000000ec000000,0x00000000ec000000,0x00000000ec180000)
 ParOldGen       total 68608K, used 34941K [0x00000000c0000000, 0x00000000c4300000, 0x00000000eab00000)
  object space 68608K, 50% used [0x00000000c0000000,0x00000000c221f770,0x00000000c4300000)
 Metaspace       used 52876K, committed 53824K, reserved 1097728K
  class space    used 5676K, committed 6080K, reserved 1048576K
}
Event: 19.534 GC heap before
{Heap before GC invocations=27 (full 2):
 PSYoungGen      total 22016K, used 21692K [0x00000000eab00000, 0x00000000ec300000, 0x0000000100000000)
  eden space 20992K, 100% used [0x00000000eab00000,0x00000000ebf80000,0x00000000ebf80000)
  from space 1024K, 68% used [0x00000000ec200000,0x00000000ec2af270,0x00000000ec300000)
  to   space 1536K, 0% used [0x00000000ec000000,0x00000000ec000000,0x00000000ec180000)
 ParOldGen       total 68608K, used 34941K [0x00000000c0000000, 0x00000000c4300000, 0x00000000eab00000)
  object space 68608K, 50% used [0x00000000c0000000,0x00000000c221f770,0x00000000c4300000)
 Metaspace       used 54557K, committed 55552K, reserved 1105920K
  class space    used 5851K, committed 6272K, reserved 1048576K
}
Event: 19.537 GC heap after
{Heap after GC invocations=27 (full 2):
 PSYoungGen      total 22528K, used 375K [0x00000000eab00000, 0x00000000ec280000, 0x0000000100000000)
  eden space 20992K, 0% used [0x00000000eab00000,0x00000000eab00000,0x00000000ebf80000)
  from space 1536K, 24% used [0x00000000ec000000,0x00000000ec05df50,0x00000000ec180000)
  to   space 1024K, 0% used [0x00000000ec180000,0x00000000ec180000,0x00000000ec280000)
 ParOldGen       total 68608K, used 34965K [0x00000000c0000000, 0x00000000c4300000, 0x00000000eab00000)
  object space 68608K, 50% used [0x00000000c0000000,0x00000000c2225770,0x00000000c4300000)
 Metaspace       used 54557K, committed 55552K, reserved 1105920K
  class space    used 5851K, committed 6272K, reserved 1048576K
}
Event: 20.123 GC heap before
{Heap before GC invocations=28 (full 2):
 PSYoungGen      total 22528K, used 21367K [0x00000000eab00000, 0x00000000ec280000, 0x0000000100000000)
  eden space 20992K, 100% used [0x00000000eab00000,0x00000000ebf80000,0x00000000ebf80000)
  from space 1536K, 24% used [0x00000000ec000000,0x00000000ec05df50,0x00000000ec180000)
  to   space 1024K, 0% used [0x00000000ec180000,0x00000000ec180000,0x00000000ec280000)
 ParOldGen       total 68608K, used 34965K [0x00000000c0000000, 0x00000000c4300000, 0x00000000eab00000)
  object space 68608K, 50% used [0x00000000c0000000,0x00000000c2225770,0x00000000c4300000)
 Metaspace       used 55296K, committed 56320K, reserved 1105920K
  class space    used 5910K, committed 6336K, reserved 1048576K
}
Event: 20.127 GC heap after
{Heap after GC invocations=28 (full 2):
 PSYoungGen      total 22016K, used 640K [0x00000000eab00000, 0x00000000ec280000, 0x0000000100000000)
  eden space 20992K, 0% used [0x00000000eab00000,0x00000000eab00000,0x00000000ebf80000)
  from space 1024K, 62% used [0x00000000ec180000,0x00000000ec220000,0x00000000ec280000)
  to   space 1024K, 0% used [0x00000000ec080000,0x00000000ec080000,0x00000000ec180000)
 ParOldGen       total 68608K, used 35292K [0x00000000c0000000, 0x00000000c4300000, 0x00000000eab00000)
  object space 68608K, 51% used [0x00000000c0000000,0x00000000c2277130,0x00000000c4300000)
 Metaspace       used 55296K, committed 56320K, reserved 1105920K
  class space    used 5910K, committed 6336K, reserved 1048576K
}
Event: 20.787 GC heap before
{Heap before GC invocations=29 (full 2):
 PSYoungGen      total 22016K, used 21632K [0x00000000eab00000, 0x00000000ec280000, 0x0000000100000000)
  eden space 20992K, 100% used [0x00000000eab00000,0x00000000ebf80000,0x00000000ebf80000)
  from space 1024K, 62% used [0x00000000ec180000,0x00000000ec220000,0x00000000ec280000)
  to   space 1024K, 0% used [0x00000000ec080000,0x00000000ec080000,0x00000000ec180000)
 ParOldGen       total 68608K, used 35292K [0x00000000c0000000, 0x00000000c4300000, 0x00000000eab00000)
  object space 68608K, 51% used [0x00000000c0000000,0x00000000c2277130,0x00000000c4300000)
 Metaspace       used 55849K, committed 56896K, reserved 1105920K
  class space    used 5973K, committed 6400K, reserved 1048576K
}
Event: 20.791 GC heap after
{Heap after GC invocations=29 (full 2):
 PSYoungGen      total 22016K, used 1017K [0x00000000eab00000, 0x00000000ec580000, 0x0000000100000000)
  eden space 20992K, 0% used [0x00000000eab00000,0x00000000eab00000,0x00000000ebf80000)
  from space 1024K, 99% used [0x00000000ec080000,0x00000000ec17e5d0,0x00000000ec180000)
  to   space 3072K, 0% used [0x00000000ec280000,0x00000000ec280000,0x00000000ec580000)
 ParOldGen       total 68608K, used 36867K [0x00000000c0000000, 0x00000000c4300000, 0x00000000eab00000)
  object space 68608K, 53% used [0x00000000c0000000,0x00000000c2400d70,0x00000000c4300000)
 Metaspace       used 55849K, committed 56896K, reserved 1105920K
  class space    used 5973K, committed 6400K, reserved 1048576K
}
Event: 21.203 GC heap before
{Heap before GC invocations=30 (full 2):
 PSYoungGen      total 22016K, used 22009K [0x00000000eab00000, 0x00000000ec580000, 0x0000000100000000)
  eden space 20992K, 100% used [0x00000000eab00000,0x00000000ebf80000,0x00000000ebf80000)
  from space 1024K, 99% used [0x00000000ec080000,0x00000000ec17e5d0,0x00000000ec180000)
  to   space 3072K, 0% used [0x00000000ec280000,0x00000000ec280000,0x00000000ec580000)
 ParOldGen       total 68608K, used 36867K [0x00000000c0000000, 0x00000000c4300000, 0x00000000eab00000)
  object space 68608K, 53% used [0x00000000c0000000,0x00000000c2400d70,0x00000000c4300000)
 Metaspace       used 56308K, committed 57344K, reserved 1105920K
  class space    used 6021K, committed 6464K, reserved 1048576K
}
Event: 21.213 GC heap after
{Heap after GC invocations=30 (full 2):
 PSYoungGen      total 24064K, used 3045K [0x00000000eab00000, 0x00000000ec580000, 0x0000000100000000)
  eden space 20992K, 0% used [0x00000000eab00000,0x00000000eab00000,0x00000000ebf80000)
  from space 3072K, 99% used [0x00000000ec280000,0x00000000ec579418,0x00000000ec580000)
  to   space 1024K, 0% used [0x00000000ec080000,0x00000000ec080000,0x00000000ec180000)
 ParOldGen       total 68608K, used 38153K [0x00000000c0000000, 0x00000000c4300000, 0x00000000eab00000)
  object space 68608K, 55% used [0x00000000c0000000,0x00000000c25426f0,0x00000000c4300000)
 Metaspace       used 56308K, committed 57344K, reserved 1105920K
  class space    used 6021K, committed 6464K, reserved 1048576K
}
Event: 21.631 GC heap before
{Heap before GC invocations=31 (full 2):
 PSYoungGen      total 24064K, used 24037K [0x00000000eab00000, 0x00000000ec580000, 0x0000000100000000)
  eden space 20992K, 100% used [0x00000000eab00000,0x00000000ebf80000,0x00000000ebf80000)
  from space 3072K, 99% used [0x00000000ec280000,0x00000000ec579418,0x00000000ec580000)
  to   space 1024K, 0% used [0x00000000ec080000,0x00000000ec080000,0x00000000ec180000)
 ParOldGen       total 68608K, used 38153K [0x00000000c0000000, 0x00000000c4300000, 0x00000000eab00000)
  object space 68608K, 55% used [0x00000000c0000000,0x00000000c25426f0,0x00000000c4300000)
 Metaspace       used 57113K, committed 58112K, reserved 1105920K
  class space    used 6099K, committed 6528K, reserved 1048576K
}
Event: 21.639 GC heap after
{Heap after GC invocations=31 (full 2):
 PSYoungGen      total 22016K, used 1011K [0x00000000eab00000, 0x00000000ec880000, 0x0000000100000000)
  eden space 20992K, 0% used [0x00000000eab00000,0x00000000eab00000,0x00000000ebf80000)
  from space 1024K, 98% used [0x00000000ec080000,0x00000000ec17cfc8,0x00000000ec180000)
  to   space 4608K, 0% used [0x00000000ec400000,0x00000000ec400000,0x00000000ec880000)
 ParOldGen       total 68608K, used 41527K [0x00000000c0000000, 0x00000000c4300000, 0x00000000eab00000)
  object space 68608K, 60% used [0x00000000c0000000,0x00000000c288ddf0,0x00000000c4300000)
 Metaspace       used 57113K, committed 58112K, reserved 1105920K
  class space    used 6099K, committed 6528K, reserved 1048576K
}
Event: 22.479 GC heap before
{Heap before GC invocations=32 (full 2):
 PSYoungGen      total 22016K, used 22003K [0x00000000eab00000, 0x00000000ec880000, 0x0000000100000000)
  eden space 20992K, 100% used [0x00000000eab00000,0x00000000ebf80000,0x00000000ebf80000)
  from space 1024K, 98% used [0x00000000ec080000,0x00000000ec17cfc8,0x00000000ec180000)
  to   space 4608K, 0% used [0x00000000ec400000,0x00000000ec400000,0x00000000ec880000)
 ParOldGen       total 68608K, used 41527K [0x00000000c0000000, 0x00000000c4300000, 0x00000000eab00000)
  object space 68608K, 60% used [0x00000000c0000000,0x00000000c288ddf0,0x00000000c4300000)
 Metaspace       used 58772K, committed 59776K, reserved 1105920K
  class space    used 6280K, committed 6720K, reserved 1048576K
}
Event: 22.484 GC heap after
{Heap after GC invocations=32 (full 2):
 PSYoungGen      total 23040K, used 1794K [0x00000000eab00000, 0x00000000ec600000, 0x0000000100000000)
  eden space 20992K, 0% used [0x00000000eab00000,0x00000000eab00000,0x00000000ebf80000)
  from space 2048K, 87% used [0x00000000ec400000,0x00000000ec5c0a70,0x00000000ec600000)
  to   space 3072K, 0% used [0x00000000ec000000,0x00000000ec000000,0x00000000ec300000)
 ParOldGen       total 68608K, used 42511K [0x00000000c0000000, 0x00000000c4300000, 0x00000000eab00000)
  object space 68608K, 61% used [0x00000000c0000000,0x00000000c2983cd8,0x00000000c4300000)
 Metaspace       used 58772K, committed 59776K, reserved 1105920K
  class space    used 6280K, committed 6720K, reserved 1048576K
}
Event: 22.511 GC heap before
{Heap before GC invocations=33 (full 2):
 PSYoungGen      total 23040K, used 3682K [0x00000000eab00000, 0x00000000ec600000, 0x0000000100000000)
  eden space 20992K, 8% used [0x00000000eab00000,0x00000000eacd7de8,0x00000000ebf80000)
  from space 2048K, 87% used [0x00000000ec400000,0x00000000ec5c0a70,0x00000000ec600000)
  to   space 3072K, 0% used [0x00000000ec000000,0x00000000ec000000,0x00000000ec300000)
 ParOldGen       total 68608K, used 42511K [0x00000000c0000000, 0x00000000c4300000, 0x00000000eab00000)
  object space 68608K, 61% used [0x00000000c0000000,0x00000000c2983cd8,0x00000000c4300000)
 Metaspace       used 58818K, committed 59776K, reserved 1105920K
  class space    used 6285K, committed 6720K, reserved 1048576K
}
Event: 22.517 GC heap after
{Heap after GC invocations=33 (full 2):
 PSYoungGen      total 24064K, used 191K [0x00000000eab00000, 0x00000000ec480000, 0x0000000100000000)
  eden space 20992K, 0% used [0x00000000eab00000,0x00000000eab00000,0x00000000ebf80000)
  from space 3072K, 6% used [0x00000000ec000000,0x00000000ec02fc40,0x00000000ec300000)
  to   space 1024K, 0% used [0x00000000ec380000,0x00000000ec380000,0x00000000ec480000)
 ParOldGen       total 68608K, used 44180K [0x00000000c0000000, 0x00000000c4300000, 0x00000000eab00000)
  object space 68608K, 64% used [0x00000000c0000000,0x00000000c2b253c0,0x00000000c4300000)
 Metaspace       used 58818K, committed 59776K, reserved 1105920K
  class space    used 6285K, committed 6720K, reserved 1048576K
}
Event: 22.517 GC heap before
{Heap before GC invocations=34 (full 3):
 PSYoungGen      total 24064K, used 191K [0x00000000eab00000, 0x00000000ec480000, 0x0000000100000000)
  eden space 20992K, 0% used [0x00000000eab00000,0x00000000eab00000,0x00000000ebf80000)
  from space 3072K, 6% used [0x00000000ec000000,0x00000000ec02fc40,0x00000000ec300000)
  to   space 1024K, 0% used [0x00000000ec380000,0x00000000ec380000,0x00000000ec480000)
 ParOldGen       total 68608K, used 44180K [0x00000000c0000000, 0x00000000c4300000, 0x00000000eab00000)
  object space 68608K, 64% used [0x00000000c0000000,0x00000000c2b253c0,0x00000000c4300000)
 Metaspace       used 58818K, committed 59776K, reserved 1105920K
  class space    used 6285K, committed 6720K, reserved 1048576K
}
Event: 22.742 GC heap after
{Heap after GC invocations=34 (full 3):
 PSYoungGen      total 24064K, used 0K [0x00000000eab00000, 0x00000000ec480000, 0x0000000100000000)
  eden space 20992K, 0% used [0x00000000eab00000,0x00000000eab00000,0x00000000ebf80000)
  from space 3072K, 0% used [0x00000000ec000000,0x00000000ec000000,0x00000000ec300000)
  to   space 1024K, 0% used [0x00000000ec380000,0x00000000ec380000,0x00000000ec480000)
 ParOldGen       total 68608K, used 40322K [0x00000000c0000000, 0x00000000c4300000, 0x00000000eab00000)
  object space 68608K, 58% used [0x00000000c0000000,0x00000000c2760960,0x00000000c4300000)
 Metaspace       used 58818K, committed 59776K, reserved 1105920K
  class space    used 6285K, committed 6720K, reserved 1048576K
}

