# JRE version: OpenJDK Runtime Environment Temurin-17.0.4.1+1 (17.0.4.1+1) (build 17.0.4.1+1)
# Java VM: OpenJDK 64-Bit Server VM Temurin-17.0.4.1+1 (17.0.4.1+1, mixed mode, emulated-client, tiered, compressed oops, compressed class ptrs, g1 gc, windows-amd64)
GC Precious Log:
 CPUs: 4 total, 4 available
 Memory: 3818M
 Large Page Support: Disabled
 NUMA Support: Disabled
 Compressed Oops: Enabled (32-bit)
 Heap Region Size: 1M
 Heap Min Capacity: 8M
 Heap Initial Capacity: 60M
 Heap Max Capacity: 956M
 Pre-touch: Disabled
 Parallel Workers: 4
 Concurrent Workers: 1
 Concurrent Refinement Workers: 4
 Periodic GC: Disabled
Heap:
 garbage-first heap   total 563200K, used 225255K [0x00000000c4400000, 0x0000000100000000)
  region size 1024K, 2 young (2048K), 2 survivors (2048K)
 Metaspace       used 40529K, committed 40896K, reserved 1089536K
  class space    used 5163K, committed 5312K, reserved 1048576K
GC Heap History (20 events):
Event: 27.985 GC heap after
{Heap after GC invocations=28 (full 0):
 garbage-first heap   total 394240K, used 148864K [0x00000000c4400000, 0x0000000100000000)
  region size 1024K, 22 young (22528K), 22 survivors (22528K)
 Metaspace       used 40529K, committed 40896K, reserved 1089536K
  class space    used 5163K, committed 5312K, reserved 1048576K
}
Event: 28.354 GC heap before
{Heap before GC invocations=28 (full 0):
 garbage-first heap   total 394240K, used 326016K [0x00000000c4400000, 0x0000000100000000)
  region size 1024K, 195 young (199680K), 22 survivors (22528K)
 Metaspace       used 40529K, committed 40896K, reserved 1089536K
  class space    used 5163K, committed 5312K, reserved 1048576K
}
Event: 28.378 GC heap after
{Heap after GC invocations=29 (full 0):
 garbage-first heap   total 394240K, used 159719K [0x00000000c4400000, 0x0000000100000000)
  region size 1024K, 19 young (19456K), 19 survivors (19456K)
 Metaspace       used 40529K, committed 40896K, reserved 1089536K
  class space    used 5163K, committed 5312K, reserved 1048576K
}
Event: 28.685 GC heap before
{Heap before GC invocations=29 (full 0):
 garbage-first heap   total 394240K, used 326631K [0x00000000c4400000, 0x0000000100000000)
  region size 1024K, 183 young (187392K), 19 survivors (19456K)
 Metaspace       used 40529K, committed 40896K, reserved 1089536K
  class space    used 5163K, committed 5312K, reserved 1048576K
}
Event: 28.713 GC heap after
{Heap after GC invocations=30 (full 0):
 garbage-first heap   total 394240K, used 168423K [0x00000000c4400000, 0x0000000100000000)
  region size 1024K, 17 young (17408K), 17 survivors (17408K)
 Metaspace       used 40529K, committed 40896K, reserved 1089536K
  class space    used 5163K, committed 5312K, reserved 1048576K
}
Event: 29.032 GC heap before
{Heap before GC invocations=30 (full 0):
 garbage-first heap   total 394240K, used 330215K [0x00000000c4400000, 0x0000000100000000)
  region size 1024K, 176 young (180224K), 17 survivors (17408K)
 Metaspace       used 40529K, committed 40896K, reserved 1089536K
  class space    used 5163K, committed 5312K, reserved 1048576K
}
Event: 29.059 GC heap after
{Heap after GC invocations=31 (full 0):
 garbage-first heap   total 394240K, used 176558K [0x00000000c4400000, 0x0000000100000000)
  region size 1024K, 17 young (17408K), 17 survivors (17408K)
 Metaspace       used 40529K, committed 40896K, reserved 1089536K
  class space    used 5163K, committed 5312K, reserved 1048576K
}
Event: 29.313 GC heap before
{Heap before GC invocations=31 (full 0):
 garbage-first heap   total 394240K, used 331182K [0x00000000c4400000, 0x0000000100000000)
  region size 1024K, 169 young (173056K), 17 survivors (17408K)
 Metaspace       used 40529K, committed 40896K, reserved 1089536K
  class space    used 5163K, committed 5312K, reserved 1048576K
}
Event: 29.338 GC heap after
{Heap after GC invocations=32 (full 0):
 garbage-first heap   total 417792K, used 183112K [0x00000000c4400000, 0x0000000100000000)
  region size 1024K, 15 young (15360K), 15 survivors (15360K)
 Metaspace       used 40529K, committed 40896K, reserved 1089536K
  class space    used 5163K, committed 5312K, reserved 1048576K
}
Event: 29.603 GC heap before
{Heap before GC invocations=32 (full 0):
 garbage-first heap   total 417792K, used 352072K [0x00000000c4400000, 0x0000000100000000)
  region size 1024K, 181 young (185344K), 15 survivors (15360K)
 Metaspace       used 40529K, committed 40896K, reserved 1089536K
  class space    used 5163K, committed 5312K, reserved 1048576K
}
Event: 29.628 GC heap after
{Heap after GC invocations=33 (full 0):
 garbage-first heap   total 417792K, used 191860K [0x00000000c4400000, 0x0000000100000000)
  region size 1024K, 15 young (15360K), 15 survivors (15360K)
 Metaspace       used 40529K, committed 40896K, reserved 1089536K
  class space    used 5163K, committed 5312K, reserved 1048576K
}
Event: 29.891 GC heap before
{Heap before GC invocations=33 (full 0):
 garbage-first heap   total 417792K, used 352628K [0x00000000c4400000, 0x0000000100000000)
  region size 1024K, 173 young (177152K), 15 survivors (15360K)
 Metaspace       used 40529K, committed 40896K, reserved 1089536K
  class space    used 5163K, committed 5312K, reserved 1048576K
}
Event: 29.915 GC heap after
{Heap after GC invocations=34 (full 0):
 garbage-first heap   total 417792K, used 200679K [0x00000000c4400000, 0x0000000100000000)
  region size 1024K, 17 young (17408K), 17 survivors (17408K)
 Metaspace       used 40529K, committed 40896K, reserved 1089536K
  class space    used 5163K, committed 5312K, reserved 1048576K
}
Event: 30.220 GC heap before
{Heap before GC invocations=34 (full 0):
 garbage-first heap   total 417792K, used 354279K [0x00000000c4400000, 0x0000000100000000)
  region size 1024K, 168 young (172032K), 17 survivors (17408K)
 Metaspace       used 40529K, committed 40896K, reserved 1089536K
  class space    used 5163K, committed 5312K, reserved 1048576K
}
Event: 30.241 GC heap after
{Heap after GC invocations=35 (full 0):
 garbage-first heap   total 417792K, used 209018K [0x00000000c4400000, 0x0000000100000000)
  region size 1024K, 17 young (17408K), 17 survivors (17408K)
 Metaspace       used 40529K, committed 40896K, reserved 1089536K
  class space    used 5163K, committed 5312K, reserved 1048576K
}
Event: 30.531 GC heap before
{Heap before GC invocations=35 (full 0):
 garbage-first heap   total 417792K, used 355450K [0x00000000c4400000, 0x0000000100000000)
  region size 1024K, 160 young (163840K), 17 survivors (17408K)
 Metaspace       used 40529K, committed 40896K, reserved 1089536K
  class space    used 5163K, committed 5312K, reserved 1048576K
}
Event: 30.555 GC heap after
{Heap after GC invocations=36 (full 0):
 garbage-first heap   total 417792K, used 216039K [0x00000000c4400000, 0x0000000100000000)
  region size 1024K, 15 young (15360K), 15 survivors (15360K)
 Metaspace       used 40529K, committed 40896K, reserved 1089536K
  class space    used 5163K, committed 5312K, reserved 1048576K
}
Event: 31.024 GC heap before
{Heap before GC invocations=37 (full 0):
 garbage-first heap   total 563200K, used 358375K [0x00000000c4400000, 0x0000000100000000)
  region size 1024K, 154 young (157696K), 15 survivors (15360K)
 Metaspace       used 40529K, committed 40896K, reserved 1089536K
  class space    used 5163K, committed 5312K, reserved 1048576K
}
Event: 31.059 GC heap after
{Heap after GC invocations=38 (full 0):
 garbage-first heap   total 563200K, used 227053K [0x00000000c4400000, 0x0000000100000000)
  region size 1024K, 15 young (15360K), 15 survivors (15360K)
 Metaspace       used 40529K, committed 40896K, reserved 1089536K
  class space    used 5163K, committed 5312K, reserved 1048576K
}
Event: 31.085 GC heap before
{Heap before GC invocations=38 (full 0):
 garbage-first heap   total 563200K, used 238317K [0x00000000c4400000, 0x0000000100000000)
  region size 1024K, 28 young (28672K), 15 survivors (15360K)
 Metaspace       used 40529K, committed 40896K, reserved 1089536K
  class space    used 5163K, committed 5312K, reserved 1048576K
}

