# JRE version: OpenJDK Runtime Environment Temurin-17.0.4.1+1 (17.0.4.1+1) (build 17.0.4.1+1)
# Java VM: OpenJDK 64-Bit Server VM Temurin-17.0.4.1+1 (17.0.4.1+1, mixed mode, tiered, compressed oops, compressed class ptrs, parallel gc, windows-amd64)
GC Precious Log:
 CPUs: 4 total, 4 available
 Memory: 3818M
 Large Page Support: Disabled
 NUMA Support: Disabled
 Compressed Oops: Enabled (32-bit)
 Alignments: Space 512K, Generation 512K, Heap 2M
 Heap Min Capacity: 100M
 Heap Initial Capacity: 100M
 Heap Max Capacity: 1G
 Pre-touch: Disabled
 Parallel Workers: 4
Heap:
 PSYoungGen      total 16384K, used 12192K [0x00000000eab00000, 0x00000000ebd80000, 0x0000000100000000)
  eden space 15360K, 72% used [0x00000000eab00000,0x00000000eb5e9dc8,0x00000000eba00000)
  from space 1024K, 99% used [0x00000000ebc80000,0x00000000ebd7e530,0x00000000ebd80000)
  to   space 1536K, 0% used [0x00000000eba80000,0x00000000eba80000,0x00000000ebc00000)
 ParOldGen       total 119808K, used 91044K [0x00000000c0000000, 0x00000000c7500000, 0x00000000eab00000)
  object space 119808K, 75% used [0x00000000c0000000,0x00000000c58e9080,0x00000000c7500000)
 Metaspace       used 58112K, committed 59264K, reserved 1105920K
  class space    used 6155K, committed 6656K, reserved 1048576K
GC Heap History (20 events):
Event: 50.327 GC heap before
{Heap before GC invocations=46 (full 5):
 PSYoungGen      total 9216K, used 8928K [0x00000000eab00000, 0x00000000ebe00000, 0x0000000100000000)
  eden space 8704K, 100% used [0x00000000eab00000,0x00000000eb380000,0x00000000eb380000)
  from space 512K, 43% used [0x00000000ebd80000,0x00000000ebdb8000,0x00000000ebe00000)
  to   space 3584K, 0% used [0x00000000eb700000,0x00000000eb700000,0x00000000eba80000)
 ParOldGen       total 119808K, used 89687K [0x00000000c0000000, 0x00000000c7500000, 0x00000000eab00000)
  object space 119808K, 74% used [0x00000000c0000000,0x00000000c5795dd0,0x00000000c7500000)
 Metaspace       used 55340K, committed 56448K, reserved 1105920K
  class space    used 5849K, committed 6336K, reserved 1048576K
}
Event: 50.329 GC heap after
{Heap after GC invocations=46 (full 5):
 PSYoungGen      total 13312K, used 256K [0x00000000eab00000, 0x00000000ebe00000, 0x0000000100000000)
  eden space 9728K, 0% used [0x00000000eab00000,0x00000000eab00000,0x00000000eb480000)
  from space 3584K, 7% used [0x00000000eb700000,0x00000000eb740000,0x00000000eba80000)
  to   space 1024K, 0% used [0x00000000ebd00000,0x00000000ebd00000,0x00000000ebe00000)
 ParOldGen       total 119808K, used 89695K [0x00000000c0000000, 0x00000000c7500000, 0x00000000eab00000)
  object space 119808K, 74% used [0x00000000c0000000,0x00000000c5797dd0,0x00000000c7500000)
 Metaspace       used 55340K, committed 56448K, reserved 1105920K
  class space    used 5849K, committed 6336K, reserved 1048576K
}
Event: 51.033 GC heap before
{Heap before GC invocations=47 (full 5):
 PSYoungGen      total 13312K, used 9984K [0x00000000eab00000, 0x00000000ebe00000, 0x0000000100000000)
  eden space 9728K, 100% used [0x00000000eab00000,0x00000000eb480000,0x00000000eb480000)
  from space 3584K, 7% used [0x00000000eb700000,0x00000000eb740000,0x00000000eba80000)
  to   space 1024K, 0% used [0x00000000ebd00000,0x00000000ebd00000,0x00000000ebe00000)
 ParOldGen       total 119808K, used 89695K [0x00000000c0000000, 0x00000000c7500000, 0x00000000eab00000)
  object space 119808K, 74% used [0x00000000c0000000,0x00000000c5797dd0,0x00000000c7500000)
 Metaspace       used 55374K, committed 56448K, reserved 1105920K
  class space    used 5850K, committed 6336K, reserved 1048576K
}
Event: 51.035 GC heap after
{Heap after GC invocations=47 (full 5):
 PSYoungGen      total 11264K, used 192K [0x00000000eab00000, 0x00000000ebd80000, 0x0000000100000000)
  eden space 10752K, 0% used [0x00000000eab00000,0x00000000eab00000,0x00000000eb580000)
  from space 512K, 37% used [0x00000000ebd00000,0x00000000ebd30000,0x00000000ebd80000)
  to   space 512K, 0% used [0x00000000ebc80000,0x00000000ebc80000,0x00000000ebd00000)
 ParOldGen       total 119808K, used 89703K [0x00000000c0000000, 0x00000000c7500000, 0x00000000eab00000)
  object space 119808K, 74% used [0x00000000c0000000,0x00000000c5799dd0,0x00000000c7500000)
 Metaspace       used 55374K, committed 56448K, reserved 1105920K
  class space    used 5850K, committed 6336K, reserved 1048576K
}
Event: 51.399 GC heap before
{Heap before GC invocations=48 (full 5):
 PSYoungGen      total 11264K, used 10944K [0x00000000eab00000, 0x00000000ebd80000, 0x0000000100000000)
  eden space 10752K, 100% used [0x00000000eab00000,0x00000000eb580000,0x00000000eb580000)
  from space 512K, 37% used [0x00000000ebd00000,0x00000000ebd30000,0x00000000ebd80000)
  to   space 512K, 0% used [0x00000000ebc80000,0x00000000ebc80000,0x00000000ebd00000)
 ParOldGen       total 119808K, used 89703K [0x00000000c0000000, 0x00000000c7500000, 0x00000000eab00000)
  object space 119808K, 74% used [0x00000000c0000000,0x00000000c5799dd0,0x00000000c7500000)
 Metaspace       used 55377K, committed 56448K, reserved 1105920K
  class space    used 5850K, committed 6336K, reserved 1048576K
}
Event: 51.401 GC heap after
{Heap after GC invocations=48 (full 5):
 PSYoungGen      total 12288K, used 480K [0x00000000eab00000, 0x00000000ebd80000, 0x0000000100000000)
  eden space 11776K, 0% used [0x00000000eab00000,0x00000000eab00000,0x00000000eb680000)
  from space 512K, 93% used [0x00000000ebc80000,0x00000000ebcf83b0,0x00000000ebd00000)
  to   space 512K, 0% used [0x00000000ebd00000,0x00000000ebd00000,0x00000000ebd80000)
 ParOldGen       total 119808K, used 89759K [0x00000000c0000000, 0x00000000c7500000, 0x00000000eab00000)
  object space 119808K, 74% used [0x00000000c0000000,0x00000000c57a7dd0,0x00000000c7500000)
 Metaspace       used 55377K, committed 56448K, reserved 1105920K
  class space    used 5850K, committed 6336K, reserved 1048576K
}
Event: 62.075 GC heap before
{Heap before GC invocations=49 (full 5):
 PSYoungGen      total 12288K, used 12256K [0x00000000eab00000, 0x00000000ebd80000, 0x0000000100000000)
  eden space 11776K, 100% used [0x00000000eab00000,0x00000000eb680000,0x00000000eb680000)
  from space 512K, 93% used [0x00000000ebc80000,0x00000000ebcf83b0,0x00000000ebd00000)
  to   space 512K, 0% used [0x00000000ebd00000,0x00000000ebd00000,0x00000000ebd80000)
 ParOldGen       total 119808K, used 89759K [0x00000000c0000000, 0x00000000c7500000, 0x00000000eab00000)
  object space 119808K, 74% used [0x00000000c0000000,0x00000000c57a7dd0,0x00000000c7500000)
 Metaspace       used 55832K, committed 56960K, reserved 1105920K
  class space    used 5900K, committed 6400K, reserved 1048576K
}
Event: 62.107 GC heap after
{Heap after GC invocations=49 (full 5):
 PSYoungGen      total 12800K, used 500K [0x00000000eab00000, 0x00000000ebd80000, 0x0000000100000000)
  eden space 12288K, 0% used [0x00000000eab00000,0x00000000eab00000,0x00000000eb700000)
  from space 512K, 97% used [0x00000000ebd00000,0x00000000ebd7d398,0x00000000ebd80000)
  to   space 1024K, 0% used [0x00000000ebb80000,0x00000000ebb80000,0x00000000ebc80000)
 ParOldGen       total 119808K, used 89839K [0x00000000c0000000, 0x00000000c7500000, 0x00000000eab00000)
  object space 119808K, 74% used [0x00000000c0000000,0x00000000c57bbdd0,0x00000000c7500000)
 Metaspace       used 55832K, committed 56960K, reserved 1105920K
  class space    used 5900K, committed 6400K, reserved 1048576K
}
Event: 62.597 GC heap before
{Heap before GC invocations=50 (full 5):
 PSYoungGen      total 12800K, used 12788K [0x00000000eab00000, 0x00000000ebd80000, 0x0000000100000000)
  eden space 12288K, 100% used [0x00000000eab00000,0x00000000eb700000,0x00000000eb700000)
  from space 512K, 97% used [0x00000000ebd00000,0x00000000ebd7d398,0x00000000ebd80000)
  to   space 1024K, 0% used [0x00000000ebb80000,0x00000000ebb80000,0x00000000ebc80000)
 ParOldGen       total 119808K, used 89839K [0x00000000c0000000, 0x00000000c7500000, 0x00000000eab00000)
  object space 119808K, 74% used [0x00000000c0000000,0x00000000c57bbdd0,0x00000000c7500000)
 Metaspace       used 55918K, committed 57024K, reserved 1105920K
  class space    used 5907K, committed 6400K, reserved 1048576K
}
Event: 62.600 GC heap after
{Heap after GC invocations=50 (full 5):
 PSYoungGen      total 13824K, used 352K [0x00000000eab00000, 0x00000000ebd80000, 0x0000000100000000)
  eden space 12800K, 0% used [0x00000000eab00000,0x00000000eab00000,0x00000000eb780000)
  from space 1024K, 34% used [0x00000000ebb80000,0x00000000ebbd8000,0x00000000ebc80000)
  to   space 512K, 0% used [0x00000000ebd00000,0x00000000ebd00000,0x00000000ebd80000)
 ParOldGen       total 119808K, used 89879K [0x00000000c0000000, 0x00000000c7500000, 0x00000000eab00000)
  object space 119808K, 75% used [0x00000000c0000000,0x00000000c57c5dd0,0x00000000c7500000)
 Metaspace       used 55918K, committed 57024K, reserved 1105920K
  class space    used 5907K, committed 6400K, reserved 1048576K
}
Event: 63.075 GC heap before
{Heap before GC invocations=51 (full 5):
 PSYoungGen      total 13824K, used 13152K [0x00000000eab00000, 0x00000000ebd80000, 0x0000000100000000)
  eden space 12800K, 100% used [0x00000000eab00000,0x00000000eb780000,0x00000000eb780000)
  from space 1024K, 34% used [0x00000000ebb80000,0x00000000ebbd8000,0x00000000ebc80000)
  to   space 512K, 0% used [0x00000000ebd00000,0x00000000ebd00000,0x00000000ebd80000)
 ParOldGen       total 119808K, used 89879K [0x00000000c0000000, 0x00000000c7500000, 0x00000000eab00000)
  object space 119808K, 75% used [0x00000000c0000000,0x00000000c57c5dd0,0x00000000c7500000)
 Metaspace       used 55949K, committed 57024K, reserved 1105920K
  class space    used 5909K, committed 6400K, reserved 1048576K
}
Event: 63.077 GC heap after
{Heap after GC invocations=51 (full 5):
 PSYoungGen      total 13824K, used 507K [0x00000000eab00000, 0x00000000ebd80000, 0x0000000100000000)
  eden space 13312K, 0% used [0x00000000eab00000,0x00000000eab00000,0x00000000eb800000)
  from space 512K, 99% used [0x00000000ebd00000,0x00000000ebd7ec80,0x00000000ebd80000)
  to   space 1024K, 0% used [0x00000000ebb80000,0x00000000ebb80000,0x00000000ebc80000)
 ParOldGen       total 119808K, used 89895K [0x00000000c0000000, 0x00000000c7500000, 0x00000000eab00000)
  object space 119808K, 75% used [0x00000000c0000000,0x00000000c57c9dd0,0x00000000c7500000)
 Metaspace       used 55949K, committed 57024K, reserved 1105920K
  class space    used 5909K, committed 6400K, reserved 1048576K
}
Event: 63.339 GC heap before
{Heap before GC invocations=52 (full 5):
 PSYoungGen      total 13824K, used 13819K [0x00000000eab00000, 0x00000000ebd80000, 0x0000000100000000)
  eden space 13312K, 100% used [0x00000000eab00000,0x00000000eb800000,0x00000000eb800000)
  from space 512K, 99% used [0x00000000ebd00000,0x00000000ebd7ec80,0x00000000ebd80000)
  to   space 1024K, 0% used [0x00000000ebb80000,0x00000000ebb80000,0x00000000ebc80000)
 ParOldGen       total 119808K, used 89895K [0x00000000c0000000, 0x00000000c7500000, 0x00000000eab00000)
  object space 119808K, 75% used [0x00000000c0000000,0x00000000c57c9dd0,0x00000000c7500000)
 Metaspace       used 55960K, committed 57088K, reserved 1105920K
  class space    used 5910K, committed 6400K, reserved 1048576K
}
Event: 63.341 GC heap after
{Heap after GC invocations=52 (full 5):
 PSYoungGen      total 14848K, used 416K [0x00000000eab00000, 0x00000000ebd80000, 0x0000000100000000)
  eden space 13824K, 0% used [0x00000000eab00000,0x00000000eab00000,0x00000000eb880000)
  from space 1024K, 40% used [0x00000000ebb80000,0x00000000ebbe8000,0x00000000ebc80000)
  to   space 512K, 0% used [0x00000000ebd00000,0x00000000ebd00000,0x00000000ebd80000)
 ParOldGen       total 119808K, used 90157K [0x00000000c0000000, 0x00000000c7500000, 0x00000000eab00000)
  object space 119808K, 75% used [0x00000000c0000000,0x00000000c580b668,0x00000000c7500000)
 Metaspace       used 55960K, committed 57088K, reserved 1105920K
  class space    used 5910K, committed 6400K, reserved 1048576K
}
Event: 63.672 GC heap before
{Heap before GC invocations=53 (full 5):
 PSYoungGen      total 14848K, used 14146K [0x00000000eab00000, 0x00000000ebd80000, 0x0000000100000000)
  eden space 13824K, 99% used [0x00000000eab00000,0x00000000eb868800,0x00000000eb880000)
  from space 1024K, 40% used [0x00000000ebb80000,0x00000000ebbe8000,0x00000000ebc80000)
  to   space 512K, 0% used [0x00000000ebd00000,0x00000000ebd00000,0x00000000ebd80000)
 ParOldGen       total 119808K, used 90157K [0x00000000c0000000, 0x00000000c7500000, 0x00000000eab00000)
  object space 119808K, 75% used [0x00000000c0000000,0x00000000c580b668,0x00000000c7500000)
 Metaspace       used 56653K, committed 57792K, reserved 1105920K
  class space    used 6004K, committed 6528K, reserved 1048576K
}
Event: 63.674 GC heap after
{Heap after GC invocations=53 (full 5):
 PSYoungGen      total 14848K, used 506K [0x00000000eab00000, 0x00000000ebd80000, 0x0000000100000000)
  eden space 14336K, 0% used [0x00000000eab00000,0x00000000eab00000,0x00000000eb900000)
  from space 512K, 98% used [0x00000000ebd00000,0x00000000ebd7e900,0x00000000ebd80000)
  to   space 1024K, 0% used [0x00000000ebb80000,0x00000000ebb80000,0x00000000ebc80000)
 ParOldGen       total 119808K, used 90157K [0x00000000c0000000, 0x00000000c7500000, 0x00000000eab00000)
  object space 119808K, 75% used [0x00000000c0000000,0x00000000c580b668,0x00000000c7500000)
 Metaspace       used 56653K, committed 57792K, reserved 1105920K
  class space    used 6004K, committed 6528K, reserved 1048576K
}
Event: 64.208 GC heap before
{Heap before GC invocations=54 (full 5):
 PSYoungGen      total 14848K, used 14842K [0x00000000eab00000, 0x00000000ebd80000, 0x0000000100000000)
  eden space 14336K, 100% used [0x00000000eab00000,0x00000000eb900000,0x00000000eb900000)
  from space 512K, 98% used [0x00000000ebd00000,0x00000000ebd7e900,0x00000000ebd80000)
  to   space 1024K, 0% used [0x00000000ebb80000,0x00000000ebb80000,0x00000000ebc80000)
 ParOldGen       total 119808K, used 90157K [0x00000000c0000000, 0x00000000c7500000, 0x00000000eab00000)
  object space 119808K, 75% used [0x00000000c0000000,0x00000000c580b668,0x00000000c7500000)
 Metaspace       used 57156K, committed 58368K, reserved 1105920K
  class space    used 6060K, committed 6592K, reserved 1048576K
}
Event: 64.213 GC heap after
{Heap after GC invocations=54 (full 5):
 PSYoungGen      total 15872K, used 1020K [0x00000000eab00000, 0x00000000ebd80000, 0x0000000100000000)
  eden space 14848K, 0% used [0x00000000eab00000,0x00000000eab00000,0x00000000eb980000)
  from space 1024K, 99% used [0x00000000ebb80000,0x00000000ebc7f0c0,0x00000000ebc80000)
  to   space 1024K, 0% used [0x00000000ebc80000,0x00000000ebc80000,0x00000000ebd80000)
 ParOldGen       total 119808K, used 90718K [0x00000000c0000000, 0x00000000c7500000, 0x00000000eab00000)
  object space 119808K, 75% used [0x00000000c0000000,0x00000000c5897b08,0x00000000c7500000)
 Metaspace       used 57156K, committed 58368K, reserved 1105920K
  class space    used 6060K, committed 6592K, reserved 1048576K
}
Event: 64.676 GC heap before
{Heap before GC invocations=55 (full 5):
 PSYoungGen      total 15872K, used 15868K [0x00000000eab00000, 0x00000000ebd80000, 0x0000000100000000)
  eden space 14848K, 100% used [0x00000000eab00000,0x00000000eb980000,0x00000000eb980000)
  from space 1024K, 99% used [0x00000000ebb80000,0x00000000ebc7f0c0,0x00000000ebc80000)
  to   space 1024K, 0% used [0x00000000ebc80000,0x00000000ebc80000,0x00000000ebd80000)
 ParOldGen       total 119808K, used 90718K [0x00000000c0000000, 0x00000000c7500000, 0x00000000eab00000)
  object space 119808K, 75% used [0x00000000c0000000,0x00000000c5897b08,0x00000000c7500000)
 Metaspace       used 57173K, committed 58368K, reserved 1105920K
  class space    used 6060K, committed 6592K, reserved 1048576K
}
Event: 64.679 GC heap after
{Heap after GC invocations=55 (full 5):
 PSYoungGen      total 16384K, used 1017K [0x00000000eab00000, 0x00000000ebd80000, 0x0000000100000000)
  eden space 15360K, 0% used [0x00000000eab00000,0x00000000eab00000,0x00000000eba00000)
  from space 1024K, 99% used [0x00000000ebc80000,0x00000000ebd7e530,0x00000000ebd80000)
  to   space 1536K, 0% used [0x00000000eba80000,0x00000000eba80000,0x00000000ebc00000)
 ParOldGen       total 119808K, used 91044K [0x00000000c0000000, 0x00000000c7500000, 0x00000000eab00000)
  object space 119808K, 75% used [0x00000000c0000000,0x00000000c58e9080,0x00000000c7500000)
 Metaspace       used 57173K, committed 58368K, reserved 1105920K
  class space    used 6060K, committed 6592K, reserved 1048576K
}

